-------------------------------------------------------------------------------
Test set: com.humanbooster.tdd.mazesolvertest.MazeSolverTest
-------------------------------------------------------------------------------
Tests run: 15, Failures: 1, Errors: 1, Skipped: 0, Time elapsed: 0.187 s <<< FAILURE! -- in com.humanbooster.tdd.mazesolvertest.MazeSolverTest
com.humanbooster.tdd.mazesolvertest.MazeSolverTest.instructions_should_contain_only_valid_characters -- Time elapsed: 0.014 s <<< ERROR!
java.lang.IllegalArgumentException: generateInstructions not implemented yet
	at com.humanbooster.tdd.mazesolver.MazeSolver.generateInstructions(MazeSolver.java:78)
	at com.humanbooster.tdd.mazesolvertest.MazeSolverTest.instructions_should_contain_only_valid_characters(MazeSolverTest.java:132)
	at java.base/java.lang.reflect.Method.invoke(Method.java:580)
	at java.base/java.util.ArrayList.forEach(ArrayList.java:1596)
	at java.base/java.util.ArrayList.forEach(ArrayList.java:1596)

com.humanbooster.tdd.mazesolvertest.MazeSolverTest.null_instructions_should_throw_null_pointer_exception -- Time elapsed: 0.011 s <<< FAILURE!
org.opentest4j.AssertionFailedError: Unexpected exception type thrown, expected: <java.lang.NullPointerException> but was: <java.lang.IllegalArgumentException>
	at org.junit.jupiter.api.AssertionFailureBuilder.build(AssertionFailureBuilder.java:151)
	at org.junit.jupiter.api.AssertThrowsExactly.assertThrowsExactly(AssertThrowsExactly.java:67)
	at org.junit.jupiter.api.AssertThrowsExactly.assertThrowsExactly(AssertThrowsExactly.java:35)
	at org.junit.jupiter.api.Assertions.assertThrowsExactly(Assertions.java:3060)
	at com.humanbooster.tdd.mazesolvertest.MazeSolverTest.null_instructions_should_throw_null_pointer_exception(MazeSolverTest.java:120)
	at java.base/java.lang.reflect.Method.invoke(Method.java:580)
	at java.base/java.util.ArrayList.forEach(ArrayList.java:1596)
	at java.base/java.util.ArrayList.forEach(ArrayList.java:1596)
Caused by: java.lang.IllegalArgumentException: generateInstructions not implemented yet
	at com.humanbooster.tdd.mazesolver.MazeSolver.generateInstructions(MazeSolver.java:78)
	at com.humanbooster.tdd.mazesolvertest.MazeSolverTest.lambda$null_instructions_should_throw_null_pointer_exception$9(MazeSolverTest.java:120)
	at org.junit.jupiter.api.AssertThrowsExactly.assertThrowsExactly(AssertThrowsExactly.java:53)
	... 6 more

