<?xml version="1.0" encoding="UTF-8"?>
<testsuite xmlns:xsi="http://www.w3.org/2001/XMLSchema-instance" xsi:noNamespaceSchemaLocation="https://maven.apache.org/surefire/maven-surefire-plugin/xsd/surefire-test-report.xsd" version="3.0.1" name="com.humanbooster.tdd.stringcalculatortest.StringCalculatorTest" time="0.287" tests="35" errors="0" skipped="0" failures="1">
  <properties>
[...]
</properties>
  <testcase name="input_comma_separator_should_be_valid" classname="com.humanbooster.tdd.stringcalculatortest.StringCalculatorTest" time="0.003"/>
  <testcase name="input_negative_numbers_should_throw_exception_and_return_the_list" classname="com.humanbooster.tdd.stringcalculatortest.StringCalculatorTest" time="0.013">
    <failure message="Multiple Failures (2 failures)&#10;	org.opentest4j.AssertionFailedError: Expected java.lang.IllegalArgumentException to be thrown, but nothing was thrown.&#10;	org.opentest4j.AssertionFailedError: expected: &lt;[-1, -2]&gt; but was: &lt;0&gt;" type="org.opentest4j.MultipleFailuresError"><![CDATA[org.opentest4j.MultipleFailuresError: 
Multiple Failures (2 failures)
	org.opentest4j.AssertionFailedError: Expected java.lang.IllegalArgumentException to be thrown, but nothing was thrown.
	org.opentest4j.AssertionFailedError: expected: <[-1, -2]> but was: <0>
	at org.junit.jupiter.api.AssertAll.assertAll(AssertAll.java:80)
	at org.junit.jupiter.api.AssertAll.assertAll(AssertAll.java:44)
	at org.junit.jupiter.api.AssertAll.assertAll(AssertAll.java:38)
	at org.junit.jupiter.api.Assertions.assertAll(Assertions.java:2944)
	at com.humanbooster.tdd.stringcalculatortest.StringCalculatorTest.input_negative_numbers_should_throw_exception_and_return_the_list(StringCalculatorTest.java:47)
	at java.base/java.lang.reflect.Method.invoke(Method.java:580)
	at java.base/java.util.ArrayList.forEach(ArrayList.java:1596)
	at java.base/java.util.ArrayList.forEach(ArrayList.java:1596)
	Suppressed: org.opentest4j.AssertionFailedError: Expected java.lang.IllegalArgumentException to be thrown, but nothing was thrown.
		at org.junit.jupiter.api.AssertionFailureBuilder.build(AssertionFailureBuilder.java:152)
		at org.junit.jupiter.api.AssertThrowsExactly.assertThrowsExactly(AssertThrowsExactly.java:74)
		at org.junit.jupiter.api.AssertThrowsExactly.assertThrowsExactly(AssertThrowsExactly.java:35)
		at org.junit.jupiter.api.Assertions.assertThrowsExactly(Assertions.java:3060)
		at com.humanbooster.tdd.stringcalculatortest.StringCalculatorTest.lambda$input_negative_numbers_should_throw_exception_and_return_the_list$3(StringCalculatorTest.java:48)
		at org.junit.jupiter.api.AssertAll.lambda$assertAll$0(AssertAll.java:68)
		at java.base/java.util.stream.ReferencePipeline$3$1.accept(ReferencePipeline.java:197)
		at java.base/java.util.Spliterators$ArraySpliterator.forEachRemaining(Spliterators.java:1024)
		at java.base/java.util.stream.AbstractPipeline.copyInto(AbstractPipeline.java:509)
		at java.base/java.util.stream.AbstractPipeline.wrapAndCopyInto(AbstractPipeline.java:499)
		at java.base/java.util.stream.ReduceOps$ReduceOp.evaluateSequential(ReduceOps.java:921)
		at java.base/java.util.stream.AbstractPipeline.evaluate(AbstractPipeline.java:234)
		at java.base/java.util.stream.ReferencePipeline.collect(ReferencePipeline.java:682)
		at org.junit.jupiter.api.AssertAll.assertAll(AssertAll.java:77)
		... 7 more
	Suppressed: org.opentest4j.AssertionFailedError: expected: <[-1, -2]> but was: <0>
		at org.junit.jupiter.api.AssertionFailureBuilder.build(AssertionFailureBuilder.java:151)
		at org.junit.jupiter.api.AssertionFailureBuilder.buildAndThrow(AssertionFailureBuilder.java:132)
		at org.junit.jupiter.api.AssertEquals.failNotEqual(AssertEquals.java:197)
		at org.junit.jupiter.api.AssertEquals.assertEquals(AssertEquals.java:182)
		at org.junit.jupiter.api.AssertEquals.assertEquals(AssertEquals.java:177)
		at org.junit.jupiter.api.Assertions.assertEquals(Assertions.java:1145)
		at com.humanbooster.tdd.stringcalculatortest.StringCalculatorTest.lambda$input_negative_numbers_should_throw_exception_and_return_the_list$4(StringCalculatorTest.java:51)
		at org.junit.jupiter.api.AssertAll.lambda$assertAll$0(AssertAll.java:68)
		at java.base/java.util.stream.ReferencePipeline$3$1.accept(ReferencePipeline.java:197)
		at java.base/java.util.Spliterators$ArraySpliterator.forEachRemaining(Spliterators.java:1024)
		at java.base/java.util.stream.AbstractPipeline.copyInto(AbstractPipeline.java:509)
		at java.base/java.util.stream.AbstractPipeline.wrapAndCopyInto(AbstractPipeline.java:499)
		at java.base/java.util.stream.ReduceOps$ReduceOp.evaluateSequential(ReduceOps.java:921)
		at java.base/java.util.stream.AbstractPipeline.evaluate(AbstractPipeline.java:234)
		at java.base/java.util.stream.ReferencePipeline.collect(ReferencePipeline.java:682)
		at org.junit.jupiter.api.AssertAll.assertAll(AssertAll.java:77)
		... 7 more
]]></failure>
  </testcase>
  <testcase name="input_null_should_return_null_exeption" classname="com.humanbooster.tdd.stringcalculatortest.StringCalculatorTest" time="0.003"/>
  <testcase name="input_custom_separator_cannot_be_a_digit" classname="com.humanbooster.tdd.stringcalculatortest.StringCalculatorTest" time="0.005"/>
  <testcase name="input_custom_separator_cannot_be_a_empty" classname="com.humanbooster.tdd.stringcalculatortest.StringCalculatorTest" time="0.011"/>
  <testcase name="input_two_digits_should_return_the_sum" classname="com.humanbooster.tdd.stringcalculatortest.StringCalculatorTest" time="0.002"/>
  <testcase name="input_empty_should_return_illegal_argument_exception" classname="com.humanbooster.tdd.stringcalculatortest.StringCalculatorTest" time="0.005"/>
  <testcase name="input_with_random_number_of_digits_should_return_the_sum_of_the_two(int, int, int)[1]" classname="com.humanbooster.tdd.stringcalculatortest.StringCalculatorTest" time="0.039"/>
  <testcase name="input_with_random_number_of_digits_should_return_the_sum_of_the_two(int, int, int)[2]" classname="com.humanbooster.tdd.stringcalculatortest.StringCalculatorTest" time="0.001"/>
  <testcase name="input_with_random_number_of_digits_should_return_the_sum_of_the_two(int, int, int)[3]" classname="com.humanbooster.tdd.stringcalculatortest.StringCalculatorTest" time="0.001"/>
  <testcase name="input_with_random_number_of_digits_should_return_the_sum_of_the_two(int, int, int)[4]" classname="com.humanbooster.tdd.stringcalculatortest.StringCalculatorTest" time="0.002"/>
  <testcase name="input_with_random_number_of_digits_should_return_the_sum_of_the_two(int, int, int)[5]" classname="com.humanbooster.tdd.stringcalculatortest.StringCalculatorTest" time="0.001"/>
  <testcase name="input_with_random_number_of_digits_should_return_the_sum_of_the_two(int, int, int)[6]" classname="com.humanbooster.tdd.stringcalculatortest.StringCalculatorTest" time="0.001"/>
  <testcase name="input_with_random_number_of_digits_should_return_the_sum_of_the_two(int, int, int)[7]" classname="com.humanbooster.tdd.stringcalculatortest.StringCalculatorTest" time="0.002"/>
  <testcase name="input_with_random_number_of_digits_should_return_the_sum_of_the_two(int, int, int)[8]" classname="com.humanbooster.tdd.stringcalculatortest.StringCalculatorTest" time="0.004"/>
  <testcase name="input_with_random_number_of_digits_should_return_the_sum_of_the_two(int, int, int)[9]" classname="com.humanbooster.tdd.stringcalculatortest.StringCalculatorTest" time="0.001"/>
  <testcase name="input_with_random_number_of_digits_should_return_the_sum_of_the_two(int, int, int)[10]" classname="com.humanbooster.tdd.stringcalculatortest.StringCalculatorTest" time="0.001"/>
  <testcase name="input_with_random_number_of_digits_should_return_the_sum_of_the_two(int, int, int)[11]" classname="com.humanbooster.tdd.stringcalculatortest.StringCalculatorTest" time="0.002"/>
  <testcase name="input_newline_separator_should_be_valid" classname="com.humanbooster.tdd.stringcalculatortest.StringCalculatorTest" time="0.001"/>
  <testcase name="input_should_contain_at_least_one_number" classname="com.humanbooster.tdd.stringcalculatortest.StringCalculatorTest" time="0.001"/>
  <testcase name="input_multiple_separators_should_return_the_sum" classname="com.humanbooster.tdd.stringcalculatortest.StringCalculatorTest" time="0.001"/>
  <testcase name="input_number_greater_than_1000_should_return_be_ignored" classname="com.humanbooster.tdd.stringcalculatortest.StringCalculatorTest" time="0.002"/>
  <testcase name="input_with_random_number_of_digits_should_return_the_sum_of_all_3(int, int, int, int)[1]" classname="com.humanbooster.tdd.stringcalculatortest.StringCalculatorTest" time="0.016"/>
  <testcase name="input_with_random_number_of_digits_should_return_the_sum_of_all_3(int, int, int, int)[2]" classname="com.humanbooster.tdd.stringcalculatortest.StringCalculatorTest" time="0.002"/>
  <testcase name="input_with_random_number_of_digits_should_return_the_sum_of_all_4(int, int, int, int, int)[1]" classname="com.humanbooster.tdd.stringcalculatortest.StringCalculatorTest" time="0.011"/>
  <testcase name="input_with_random_number_of_digits_should_return_the_sum_of_all_4(int, int, int, int, int)[2]" classname="com.humanbooster.tdd.stringcalculatortest.StringCalculatorTest" time="0.001"/>
  <testcase name="input_with_random_number_of_digits_should_return_the_sum_of_all_5(int, int, int, int, int, int)[1]" classname="com.humanbooster.tdd.stringcalculatortest.StringCalculatorTest" time="0.012"/>
  <testcase name="input_with_random_number_of_digits_should_return_the_sum_of_all_5(int, int, int, int, int, int)[2]" classname="com.humanbooster.tdd.stringcalculatortest.StringCalculatorTest" time="0.002"/>
  <testcase name="input_with_random_number_of_digits_should_return_the_sum_of_all_6(int, int, int, int, int, int, int)[1]" classname="com.humanbooster.tdd.stringcalculatortest.StringCalculatorTest" time="0.011"/>
  <testcase name="input_starting_with_two_backslashes_defines_a_custom_separator_and_is_valid" classname="com.humanbooster.tdd.stringcalculatortest.StringCalculatorTest" time="0.001"/>
  <testcase name="input_with_two_two_digits_numbers_should_return_the_sum" classname="com.humanbooster.tdd.stringcalculatortest.StringCalculatorTest" time="0.001"/>
  <testcase name="input_with_a_single_digit_and_a_two_digits_number_should_return_the_sum" classname="com.humanbooster.tdd.stringcalculatortest.StringCalculatorTest" time="0.001"/>
  <testcase name="input_custom_separator_must_be_a_single_character" classname="com.humanbooster.tdd.stringcalculatortest.StringCalculatorTest" time="0.002"/>
  <testcase name="input_with_custom_separator_with_random_number_of_digits_should_return_the_sum_of_all_6(int, int, int, int, int, int)[1]" classname="com.humanbooster.tdd.stringcalculatortest.StringCalculatorTest" time="0.002"/>
  <testcase name="input_with_two_single_digits_should_return_the_sum" classname="com.humanbooster.tdd.stringcalculatortest.StringCalculatorTest" time="0.001"/>
</testsuite>