<?xml version="1.0" encoding="UTF-8"?>
<testsuite xmlns:xsi="http://www.w3.org/2001/XMLSchema-instance" xsi:noNamespaceSchemaLocation="https://maven.apache.org/surefire/maven-surefire-plugin/xsd/surefire-test-report.xsd" version="3.0.1" name="com.humanbooster.tdd.mazesolvertest.MazeSolverTest" time="0.187" tests="15" errors="1" skipped="0" failures="1">
  <properties>
    <property name="java.specification.version" value="21"/>
    <property name="sun.cpu.isalist" value="amd64"/>
    <property name="sun.jnu.encoding" value="Cp1252"/>
    <property name="java.class.path" value="C:\Users\HB\Documents\TDD\tdd\tdd\target\test-classes;C:\Users\HB\Documents\TDD\tdd\tdd\target\classes;C:\Users\HB\.m2\repository\org\junit\jupiter\junit-jupiter-api\5.11.0\junit-jupiter-api-5.11.0.jar;C:\Users\HB\.m2\repository\org\opentest4j\opentest4j\1.3.0\opentest4j-1.3.0.jar;C:\Users\HB\.m2\repository\org\junit\platform\junit-platform-commons\1.11.0\junit-platform-commons-1.11.0.jar;C:\Users\HB\.m2\repository\org\apiguardian\apiguardian-api\1.1.2\apiguardian-api-1.1.2.jar;C:\Users\HB\.m2\repository\org\junit\jupiter\junit-jupiter-params\5.11.0\junit-jupiter-params-5.11.0.jar;"/>
    <property name="java.vm.vendor" value="Eclipse Adoptium"/>
    <property name="sun.arch.data.model" value="64"/>
    <property name="user.variant" value=""/>
    <property name="java.vendor.url" value="https://adoptium.net/"/>
    <property name="user.timezone" value="Europe/Paris"/>
    <property name="os.name" value="Windows 10"/>
    <property name="java.vm.specification.version" value="21"/>
    <property name="sun.java.launcher" value="SUN_STANDARD"/>
    <property name="user.country" value="FR"/>
    <property name="sun.boot.library.path" value="C:\Program Files\Eclipse Adoptium\jdk-21.0.6.7-hotspot\bin"/>
    <property name="sun.java.command" value="C:\Users\HB\AppData\Local\Temp\surefire1117692826865686015\surefirebooter-20250604125859129_3.jar C:\Users\HB\AppData\Local\Temp\surefire1117692826865686015 2025-06-04T12-58-58_820-jvmRun1 surefire-20250604125859129_1tmp surefire_0-20250604125859129_2tmp"/>
    <property name="jdk.debug" value="release"/>
    <property name="surefire.test.class.path" value="C:\Users\HB\Documents\TDD\tdd\tdd\target\test-classes;C:\Users\HB\Documents\TDD\tdd\tdd\target\classes;C:\Users\HB\.m2\repository\org\junit\jupiter\junit-jupiter-api\5.11.0\junit-jupiter-api-5.11.0.jar;C:\Users\HB\.m2\repository\org\opentest4j\opentest4j\1.3.0\opentest4j-1.3.0.jar;C:\Users\HB\.m2\repository\org\junit\platform\junit-platform-commons\1.11.0\junit-platform-commons-1.11.0.jar;C:\Users\HB\.m2\repository\org\apiguardian\apiguardian-api\1.1.2\apiguardian-api-1.1.2.jar;C:\Users\HB\.m2\repository\org\junit\jupiter\junit-jupiter-params\5.11.0\junit-jupiter-params-5.11.0.jar;"/>
    <property name="sun.cpu.endian" value="little"/>
    <property name="user.home" value="C:\Users\HB"/>
    <property name="user.language" value="fr"/>
    <property name="java.specification.vendor" value="Oracle Corporation"/>
    <property name="java.version.date" value="2025-01-21"/>
    <property name="java.home" value="C:\Program Files\Eclipse Adoptium\jdk-21.0.6.7-hotspot"/>
    <property name="file.separator" value="\"/>
    <property name="basedir" value="C:\Users\HB\Documents\TDD\tdd\tdd"/>
    <property name="java.vm.compressedOopsMode" value="32-bit"/>
    <property name="line.separator" value="&#10;"/>
    <property name="java.vm.specification.vendor" value="Oracle Corporation"/>
    <property name="java.specification.name" value="Java Platform API Specification"/>
    <property name="surefire.real.class.path" value="C:\Users\HB\AppData\Local\Temp\surefire1117692826865686015\surefirebooter-20250604125859129_3.jar"/>
    <property name="user.script" value=""/>
    <property name="sun.management.compiler" value="HotSpot 64-Bit Tiered Compilers"/>
    <property name="java.runtime.version" value="21.0.6+7-LTS"/>
    <property name="user.name" value="HB"/>
    <property name="stdout.encoding" value="Cp1252"/>
    <property name="path.separator" value=";"/>
    <property name="os.version" value="10.0"/>
    <property name="java.runtime.name" value="OpenJDK Runtime Environment"/>
    <property name="file.encoding" value="UTF-8"/>
    <property name="java.vm.name" value="OpenJDK 64-Bit Server VM"/>
    <property name="java.vendor.version" value="Temurin-21.0.6+7"/>
    <property name="localRepository" value="C:\Users\HB\.m2\repository"/>
    <property name="java.vendor.url.bug" value="https://github.com/adoptium/adoptium-support/issues"/>
    <property name="java.io.tmpdir" value="C:\Users\HB\AppData\Local\Temp\"/>
    <property name="java.version" value="21.0.6"/>
    <property name="user.dir" value="C:\Users\HB\Documents\TDD\tdd\tdd"/>
    <property name="os.arch" value="amd64"/>
    <property name="java.vm.specification.name" value="Java Virtual Machine Specification"/>
    <property name="sun.os.patch.level" value=""/>
    <property name="native.encoding" value="Cp1252"/>
    <property name="java.library.path" value="C:\Program Files\Eclipse Adoptium\jdk-21.0.6.7-hotspot\bin;C:\WINDOWS\Sun\Java\bin;C:\WINDOWS\system32;C:\WINDOWS;C:\Program Files\Eclipse Adoptium\jdk-21.0.6.7-hotspot\bin;C:\Program Files\Common Files\Oracle\Java\javapath;C:\Program Files (x86)\Embarcadero\Studio\23.0\bin;C:\Users\Public\Documents\Embarcadero\Studio\23.0\Bpl;C:\Program Files (x86)\Embarcadero\Studio\23.0\bin64;C:\Users\Public\Documents\Embarcadero\Studio\23.0\Bpl\Win64;C:\Program Files (x86)\Common Files\Oracle\Java\java8path;C:\Program Files (x86)\Common Files\Oracle\Java\javapath;C:\WINDOWS\system32;C:\WINDOWS;C:\WINDOWS\System32\Wbem;C:\WINDOWS\System32\WindowsPowerShell\v1.0\;C:\WINDOWS\System32\OpenSSH\;C:\Program Files\Git\cmd;C:\wamp64\bin\php\php8.1.31;C:\ProgramData\ComposerSetup\bin;C:\Program Files\Go\bin;C:\Program Files\nodejs\;C:\ProgramData\chocolatey\bin;C:\Program Files\Docker\Docker\resources\bin;C:\Users\HB\scoop\apps\maven\current\bin;C:\Users\HB\AppData\Local\Programs\Python\Python313\Scripts\;C:\Users\HB\AppData\Local\Programs\Python\Python313\;C:\Users\HB\scoop\shims;C:\Users\HB\AppData\Local\Microsoft\WindowsApps;C:\Users\HB\AppData\Local\Programs\Microsoft VS Code\bin;C:\Program Files\JetBrains\PhpStorm 2024.3.3\bin;;C:\Users\HB\AppData\Roaming\Composer\vendor\bin;C:\Users\HB\go\bin;C:\Users\HB\AppData\Roaming\npm;C:\ProgramData\mingw64\mingw64\bin;c:\Users\HB\AppData\Roaming\Code\User\globalStorage\github.copilot-chat\debugCommand;."/>
    <property name="java.vm.info" value="mixed mode, sharing"/>
    <property name="stderr.encoding" value="Cp1252"/>
    <property name="java.vendor" value="Eclipse Adoptium"/>
    <property name="java.vm.version" value="21.0.6+7-LTS"/>
    <property name="sun.io.unicode.encoding" value="UnicodeLittle"/>
    <property name="java.class.version" value="65.0"/>
  </properties>
  <testcase name="maze_without_end_should_throw_illegal_argument_exception" classname="com.humanbooster.tdd.mazesolvertest.MazeSolverTest" time="0.007"/>
  <testcase name="instructions_should_contain_only_valid_characters" classname="com.humanbooster.tdd.mazesolvertest.MazeSolverTest" time="0.014">
    <error message="generateInstructions not implemented yet" type="java.lang.IllegalArgumentException"><![CDATA[java.lang.IllegalArgumentException: generateInstructions not implemented yet
	at com.humanbooster.tdd.mazesolver.MazeSolver.generateInstructions(MazeSolver.java:78)
	at com.humanbooster.tdd.mazesolvertest.MazeSolverTest.instructions_should_contain_only_valid_characters(MazeSolverTest.java:132)
	at java.base/java.lang.reflect.Method.invoke(Method.java:580)
	at java.base/java.util.ArrayList.forEach(ArrayList.java:1596)
	at java.base/java.util.ArrayList.forEach(ArrayList.java:1596)
]]></error>
  </testcase>
  <testcase name="maze_with_multiple_start_and_end_should_throw_illegal_argument_exception" classname="com.humanbooster.tdd.mazesolvertest.MazeSolverTest" time="0.007"/>
  <testcase name="maze_without_start_should_throw_illegal_argument_exception" classname="com.humanbooster.tdd.mazesolvertest.MazeSolverTest" time="0.006"/>
  <testcase name="maze_without_path_should_throw_illegal_argument_exception" classname="com.humanbooster.tdd.mazesolvertest.MazeSolverTest" time="0.005"/>
  <testcase name="null_maze_should_throw_null_pointer_exception" classname="com.humanbooster.tdd.mazesolvertest.MazeSolverTest" time="0.002"/>
  <testcase name="null_instructions_should_throw_null_pointer_exception" classname="com.humanbooster.tdd.mazesolvertest.MazeSolverTest" time="0.011">
    <failure message="Unexpected exception type thrown, expected: &lt;java.lang.NullPointerException&gt; but was: &lt;java.lang.IllegalArgumentException&gt;" type="org.opentest4j.AssertionFailedError"><![CDATA[org.opentest4j.AssertionFailedError: Unexpected exception type thrown, expected: <java.lang.NullPointerException> but was: <java.lang.IllegalArgumentException>
	at org.junit.jupiter.api.AssertionFailureBuilder.build(AssertionFailureBuilder.java:151)
	at org.junit.jupiter.api.AssertThrowsExactly.assertThrowsExactly(AssertThrowsExactly.java:67)
	at org.junit.jupiter.api.AssertThrowsExactly.assertThrowsExactly(AssertThrowsExactly.java:35)
	at org.junit.jupiter.api.Assertions.assertThrowsExactly(Assertions.java:3060)
	at com.humanbooster.tdd.mazesolvertest.MazeSolverTest.null_instructions_should_throw_null_pointer_exception(MazeSolverTest.java:120)
	at java.base/java.lang.reflect.Method.invoke(Method.java:580)
	at java.base/java.util.ArrayList.forEach(ArrayList.java:1596)
	at java.base/java.util.ArrayList.forEach(ArrayList.java:1596)
Caused by: java.lang.IllegalArgumentException: generateInstructions not implemented yet
	at com.humanbooster.tdd.mazesolver.MazeSolver.generateInstructions(MazeSolver.java:78)
	at com.humanbooster.tdd.mazesolvertest.MazeSolverTest.lambda$null_instructions_should_throw_null_pointer_exception$9(MazeSolverTest.java:120)
	at org.junit.jupiter.api.AssertThrowsExactly.assertThrowsExactly(AssertThrowsExactly.java:53)
	... 6 more
]]></failure>
  </testcase>
  <testcase name="maze_without_start_nor_end_should_throw_illegal_argument_exception" classname="com.humanbooster.tdd.mazesolvertest.MazeSolverTest" time="0.004"/>
  <testcase name="empty_maze_should_throw_illegal_argument_exception(String[][])[1]" classname="com.humanbooster.tdd.mazesolvertest.MazeSolverTest" time="0.013"/>
  <testcase name="empty_maze_should_throw_illegal_argument_exception(String[][])[2]" classname="com.humanbooster.tdd.mazesolvertest.MazeSolverTest" time="0.002"/>
  <testcase name="empty_maze_should_throw_illegal_argument_exception(String[][])[3]" classname="com.humanbooster.tdd.mazesolvertest.MazeSolverTest" time="0.001"/>
  <testcase name="empty_maze_should_throw_illegal_argument_exception(String[][])[4]" classname="com.humanbooster.tdd.mazesolvertest.MazeSolverTest" time="0.002"/>
  <testcase name="maze_with_multiple_end_should_throw_illegal_argument_exception" classname="com.humanbooster.tdd.mazesolvertest.MazeSolverTest" time="0.002"/>
  <testcase name="empty_instructions_should_throw_illegal_argument_exception" classname="com.humanbooster.tdd.mazesolvertest.MazeSolverTest" time="0.002"/>
  <testcase name="maze_with_multiple_start_should_throw_illegal_argument_exception" classname="com.humanbooster.tdd.mazesolvertest.MazeSolverTest" time="0.002"/>
</testsuite>