<?xml version="1.0" encoding="UTF-8"?>
<testsuite xmlns:xsi="http://www.w3.org/2001/XMLSchema-instance" xsi:noNamespaceSchemaLocation="https://maven.apache.org/surefire/maven-surefire-plugin/xsd/surefire-test-report.xsd" version="3.0.1" name="com.humanbooster.tdd.mazesolvertest.MazeSolverTest" time="0.187" tests="15" errors="1" skipped="0" failures="1">
  <properties>
[...]
</properties>
  <testcase name="maze_without_end_should_throw_illegal_argument_exception" classname="com.humanbooster.tdd.mazesolvertest.MazeSolverTest" time="0.007"/>
  <testcase name="instructions_should_contain_only_valid_characters" classname="com.humanbooster.tdd.mazesolvertest.MazeSolverTest" time="0.014">
    <error message="generateInstructions not implemented yet" type="java.lang.IllegalArgumentException"><![CDATA[java.lang.IllegalArgumentException: generateInstructions not implemented yet
	at com.humanbooster.tdd.mazesolver.MazeSolver.generateInstructions(MazeSolver.java:78)
	at com.humanbooster.tdd.mazesolvertest.MazeSolverTest.instructions_should_contain_only_valid_characters(MazeSolverTest.java:132)
	at java.base/java.lang.reflect.Method.invoke(Method.java:580)
	at java.base/java.util.ArrayList.forEach(ArrayList.java:1596)
	at java.base/java.util.ArrayList.forEach(ArrayList.java:1596)
]]></error>
  </testcase>
  <testcase name="maze_with_multiple_start_and_end_should_throw_illegal_argument_exception" classname="com.humanbooster.tdd.mazesolvertest.MazeSolverTest" time="0.007"/>
  <testcase name="maze_without_start_should_throw_illegal_argument_exception" classname="com.humanbooster.tdd.mazesolvertest.MazeSolverTest" time="0.006"/>
  <testcase name="maze_without_path_should_throw_illegal_argument_exception" classname="com.humanbooster.tdd.mazesolvertest.MazeSolverTest" time="0.005"/>
  <testcase name="null_maze_should_throw_null_pointer_exception" classname="com.humanbooster.tdd.mazesolvertest.MazeSolverTest" time="0.002"/>
  <testcase name="null_instructions_should_throw_null_pointer_exception" classname="com.humanbooster.tdd.mazesolvertest.MazeSolverTest" time="0.011">
    <failure message="Unexpected exception type thrown, expected: &lt;java.lang.NullPointerException&gt; but was: &lt;java.lang.IllegalArgumentException&gt;" type="org.opentest4j.AssertionFailedError"><![CDATA[org.opentest4j.AssertionFailedError: Unexpected exception type thrown, expected: <java.lang.NullPointerException> but was: <java.lang.IllegalArgumentException>
	at org.junit.jupiter.api.AssertionFailureBuilder.build(AssertionFailureBuilder.java:151)
	at org.junit.jupiter.api.AssertThrowsExactly.assertThrowsExactly(AssertThrowsExactly.java:67)
	at org.junit.jupiter.api.AssertThrowsExactly.assertThrowsExactly(AssertThrowsExactly.java:35)
	at org.junit.jupiter.api.Assertions.assertThrowsExactly(Assertions.java:3060)
	at com.humanbooster.tdd.mazesolvertest.MazeSolverTest.null_instructions_should_throw_null_pointer_exception(MazeSolverTest.java:120)
	at java.base/java.lang.reflect.Method.invoke(Method.java:580)
	at java.base/java.util.ArrayList.forEach(ArrayList.java:1596)
	at java.base/java.util.ArrayList.forEach(ArrayList.java:1596)
Caused by: java.lang.IllegalArgumentException: generateInstructions not implemented yet
	at com.humanbooster.tdd.mazesolver.MazeSolver.generateInstructions(MazeSolver.java:78)
	at com.humanbooster.tdd.mazesolvertest.MazeSolverTest.lambda$null_instructions_should_throw_null_pointer_exception$9(MazeSolverTest.java:120)
	at org.junit.jupiter.api.AssertThrowsExactly.assertThrowsExactly(AssertThrowsExactly.java:53)
	... 6 more
]]></failure>
  </testcase>
  <testcase name="maze_without_start_nor_end_should_throw_illegal_argument_exception" classname="com.humanbooster.tdd.mazesolvertest.MazeSolverTest" time="0.004"/>
  <testcase name="empty_maze_should_throw_illegal_argument_exception(String[][])[1]" classname="com.humanbooster.tdd.mazesolvertest.MazeSolverTest" time="0.013"/>
  <testcase name="empty_maze_should_throw_illegal_argument_exception(String[][])[2]" classname="com.humanbooster.tdd.mazesolvertest.MazeSolverTest" time="0.002"/>
  <testcase name="empty_maze_should_throw_illegal_argument_exception(String[][])[3]" classname="com.humanbooster.tdd.mazesolvertest.MazeSolverTest" time="0.001"/>
  <testcase name="empty_maze_should_throw_illegal_argument_exception(String[][])[4]" classname="com.humanbooster.tdd.mazesolvertest.MazeSolverTest" time="0.002"/>
  <testcase name="maze_with_multiple_end_should_throw_illegal_argument_exception" classname="com.humanbooster.tdd.mazesolvertest.MazeSolverTest" time="0.002"/>
  <testcase name="empty_instructions_should_throw_illegal_argument_exception" classname="com.humanbooster.tdd.mazesolvertest.MazeSolverTest" time="0.002"/>
  <testcase name="maze_with_multiple_start_should_throw_illegal_argument_exception" classname="com.humanbooster.tdd.mazesolvertest.MazeSolverTest" time="0.002"/>
</testsuite>