<?xml version="1.0" encoding="UTF-8"?>
<testsuite xmlns:xsi="http://www.w3.org/2001/XMLSchema-instance" xsi:noNamespaceSchemaLocation="https://maven.apache.org/surefire/maven-surefire-plugin/xsd/surefire-test-report.xsd" version="3.0.1" name="com.humanbooster.tdd.stringreversertest.StringReverserTest" time="0.132" tests="22" errors="0" skipped="0" failures="0">
  <properties>
[...]
</properties>
  <testcase name="newLine_should_return_newLine" classname="com.humanbooster.tdd.stringreversertest.StringReverserTest" time="0.016"/>
  <testcase name="multiple_character_with_newline_at_the_begining_and_the_end_should_return_reversed_string_with_newline" classname="com.humanbooster.tdd.stringreversertest.StringReverserTest" time="0.002"/>
  <testcase name="cr_should_return_cr" classname="com.humanbooster.tdd.stringreversertest.StringReverserTest" time="0.002"/>
  <testcase name="null_should_return_null" classname="com.humanbooster.tdd.stringreversertest.StringReverserTest" time="0.001"/>
  <testcase name="multiple_character_with_tab_at_the_end_should_return_reversed_string_with_tab" classname="com.humanbooster.tdd.stringreversertest.StringReverserTest" time="0.002"/>
  <testcase name="multiple_character_with_tab_at_the_begining_and_the_end_should_return_reversed_string_with_tab" classname="com.humanbooster.tdd.stringreversertest.StringReverserTest" time="0.02"/>
  <testcase name="empty_string_should_return_empty_string" classname="com.humanbooster.tdd.stringreversertest.StringReverserTest" time="0.003"/>
  <testcase name="multiple_character_with_newline_at_begining_should_return_reversed_string_with_newline" classname="com.humanbooster.tdd.stringreversertest.StringReverserTest" time="0.001"/>
  <testcase name="multiple_character_with_newline_at_the_end_should_return_reversed_string_with_newline" classname="com.humanbooster.tdd.stringreversertest.StringReverserTest" time="0.003"/>
  <testcase name="multiple_character_with_cr_at_the_begining_and_the_end_should_return_reversed_string_with_cr" classname="com.humanbooster.tdd.stringreversertest.StringReverserTest" time="0.002"/>
  <testcase name="multiple_character_with_cr_at_the_begining_and_the_end_and_middle_should_return_reversed_string_with_cr" classname="com.humanbooster.tdd.stringreversertest.StringReverserTest" time="0.001"/>
  <testcase name="multiple_characters_should_return_reversed_string" classname="com.humanbooster.tdd.stringreversertest.StringReverserTest" time="0.002"/>
  <testcase name="single_character_should_return_same_character" classname="com.humanbooster.tdd.stringreversertest.StringReverserTest" time="0.002"/>
  <testcase name="multiple_character_with_tab_at_begining_should_return_reversed_string_with_tab" classname="com.humanbooster.tdd.stringreversertest.StringReverserTest" time="0.004"/>
  <testcase name="multiple_character_with_newline_at_the_begining_and_the_end_and_middle_should_return_reversed_string_with_newline" classname="com.humanbooster.tdd.stringreversertest.StringReverserTest" time="0.003"/>
  <testcase name="tab_should_return_tab" classname="com.humanbooster.tdd.stringreversertest.StringReverserTest" time="0.002"/>
  <testcase name="multiple_character_with_cr_in_middle_should_return_reversed_string_with_cr" classname="com.humanbooster.tdd.stringreversertest.StringReverserTest" time="0.002"/>
  <testcase name="multiple_character_with_tab_at_the_begining_and_the_end_and_middle_should_return_reversed_string_with_tab" classname="com.humanbooster.tdd.stringreversertest.StringReverserTest" time="0.004"/>
  <testcase name="multiple_character_with_newline_in_middle_should_return_reversed_string_with_newline" classname="com.humanbooster.tdd.stringreversertest.StringReverserTest" time="0.001"/>
  <testcase name="multiple_character_with_tab_in_middle_should_return_reversed_string_with_tab" classname="com.humanbooster.tdd.stringreversertest.StringReverserTest" time="0.001"/>
  <testcase name="multiple_character_with_cr_at_the_end_should_return_reversed_string_with_cr" classname="com.humanbooster.tdd.stringreversertest.StringReverserTest" time="0.001"/>
  <testcase name="multiple_character_with_cr_at_begining_should_return_reversed_string_with_cr" classname="com.humanbooster.tdd.stringreversertest.StringReverserTest" time="0.001"/>
</testsuite>